生成启动时间为 2013/6/25 11:26:13。
     1>项目“D:\Libs\test\C_CPP\test\3rd_party\src\gtest-1.6.0\msvc\gtest_main-md.vcxproj”在节点 2 上(Build 个目标)。
     1>ClCompile:
         D:\Program Files\Microsoft Visual Studio 11.0\VC\bin\CL.exe /c /I.. /I..\include /ZI /nologo /W3 /WX- /Od /Oy- /D WIN32 /D _DEBUG /D _LIB /D _MBCS /Gm /EHsc /RTC1 /MDd /GS /fp:precise /Zc:wchar_t /Zc:forScope /Fo"OWenTsUtilsCPP/Debug\gtest_main-md\\" /Fd"OWenTsUtilsCPP/Debug\gtest_main-md\vc110.pdb" /Gd /TP /analyze- /errorReport:prompt ..\src\gtest_main.cc
         gtest_main.cc
     1>d:\libs\test\c_cpp\test\3rd_party\src\gtest-1.6.0\include\gtest\gtest-printers.h(550): error C2977: “std::tuple”: 模板 参数太多
                 d:\program files\microsoft visual studio 11.0\vc\include\utility(73) : 参见“std::tuple”的声明
     1>d:\libs\test\c_cpp\test\3rd_party\src\gtest-1.6.0\include\gtest\gtest-printers.h(558): error C2977: “std::tuple”: 模板 参数太多
                 d:\program files\microsoft visual studio 11.0\vc\include\utility(73) : 参见“std::tuple”的声明
     1>d:\libs\test\c_cpp\test\3rd_party\src\gtest-1.6.0\include\gtest\internal\gtest-param-util-generated.h(4017): error C2977: “std::tuple”: 模板 参数太多
                 d:\program files\microsoft visual studio 11.0\vc\include\utility(73) : 参见“std::tuple”的声明
                 d:\libs\test\c_cpp\test\3rd_party\src\gtest-1.6.0\include\gtest\internal\gtest-param-util-generated.h(4249): 参见对正在编译的类 模板 实例化“testing::internal::CartesianProductGenerator9<T1,T2,T3,T4,T5,T6,T7,T8,T9>”的引用
     1>d:\libs\test\c_cpp\test\3rd_party\src\gtest-1.6.0\include\gtest\internal\gtest-param-util-generated.h(4017): error C3203: “tuple”: 未专用化的类 模板 不能用作 模板 变量，该变量属于 模板 参数“T”，应为 real 类型
     1>d:\libs\test\c_cpp\test\3rd_party\src\gtest-1.6.0\include\gtest\internal\gtest-param-util-generated.h(4017): error C2955: “std::tuple”: 使用类 模板 需要 模板 参数列表
                 d:\program files\microsoft visual studio 11.0\vc\include\utility(73) : 参见“std::tuple”的声明
     1>d:\libs\test\c_cpp\test\3rd_party\src\gtest-1.6.0\include\gtest\internal\gtest-param-util-generated.h(4017): error C2955: “testing::internal::ParamGeneratorInterface”: 使用类 模板 需要 模板 参数列表
                 d:\libs\test\c_cpp\test\3rd_party\src\gtest-1.6.0\include\gtest\internal\gtest-param-util.h(142) : 参见“testing::internal::ParamGeneratorInterface”的声明
     1>d:\libs\test\c_cpp\test\3rd_party\src\gtest-1.6.0\include\gtest\internal\gtest-param-util-generated.h(4019): error C2977: “std::tuple”: 模板 参数太多
                 d:\program files\microsoft visual studio 11.0\vc\include\utility(73) : 参见“std::tuple”的声明
     1>d:\libs\test\c_cpp\test\3rd_party\src\gtest-1.6.0\include\gtest\internal\gtest-param-util-generated.h(4030): error C3203: “tuple”: 未专用化的类 模板 不能用作 模板 变量，该变量属于 模板 参数“T”，应为 real 类型
     1>d:\libs\test\c_cpp\test\3rd_party\src\gtest-1.6.0\include\gtest\internal\gtest-param-util-generated.h(4030): error C2955: “std::tuple”: 使用类 模板 需要 模板 参数列表
                 d:\program files\microsoft visual studio 11.0\vc\include\utility(73) : 参见“std::tuple”的声明
     1>d:\libs\test\c_cpp\test\3rd_party\src\gtest-1.6.0\include\gtest\internal\gtest-param-util-generated.h(4035): error C3203: “tuple”: 未专用化的类 模板 不能用作 模板 变量，该变量属于 模板 参数“T”，应为 real 类型
     1>d:\libs\test\c_cpp\test\3rd_party\src\gtest-1.6.0\include\gtest\internal\gtest-param-util-generated.h(4035): error C2955: “std::tuple”: 使用类 模板 需要 模板 参数列表
                 d:\program files\microsoft visual studio 11.0\vc\include\utility(73) : 参见“std::tuple”的声明
     1>d:\libs\test\c_cpp\test\3rd_party\src\gtest-1.6.0\include\gtest\internal\gtest-param-util-generated.h(4042): error C3203: “tuple”: 未专用化的类 模板 不能用作 模板 变量，该变量属于 模板 参数“T”，应为 real 类型
                 d:\libs\test\c_cpp\test\3rd_party\src\gtest-1.6.0\include\gtest\internal\gtest-param-util-generated.h(4042): 参见对正在编译的类 模板 实例化“testing::internal::CartesianProductGenerator9<T1,T2,T3,T4,T5,T6,T7,T8,T9>::Iterator”的引用
     1>d:\libs\test\c_cpp\test\3rd_party\src\gtest-1.6.0\include\gtest\internal\gtest-param-util-generated.h(4042): error C2955: “std::tuple”: 使用类 模板 需要 模板 参数列表
                 d:\program files\microsoft visual studio 11.0\vc\include\utility(73) : 参见“std::tuple”的声明
     1>d:\libs\test\c_cpp\test\3rd_party\src\gtest-1.6.0\include\gtest\internal\gtest-param-util-generated.h(4042): error C2955: “testing::internal::ParamIteratorInterface”: 使用类 模板 需要 模板 参数列表
                 d:\libs\test\c_cpp\test\3rd_party\src\gtest-1.6.0\include\gtest\internal\gtest-param-util.h(69) : 参见“testing::internal::ParamIteratorInterface”的声明
     1>d:\libs\test\c_cpp\test\3rd_party\src\gtest-1.6.0\include\gtest\internal\gtest-param-util-generated.h(4044): error C3203: “tuple”: 未专用化的类 模板 不能用作 模板 变量，该变量属于 模板 参数“T”，应为 real 类型
     1>d:\libs\test\c_cpp\test\3rd_party\src\gtest-1.6.0\include\gtest\internal\gtest-param-util-generated.h(4044): error C2955: “std::tuple”: 使用类 模板 需要 模板 参数列表
                 d:\program files\microsoft visual studio 11.0\vc\include\utility(73) : 参见“std::tuple”的声明
                 d:\program files\microsoft visual studio 11.0\vc\include\utility(73) : 参见“std::tuple”的声明
     1>d:\libs\test\c_cpp\test\3rd_party\src\gtest-1.6.0\include\gtest\internal\gtest-param-util-generated.h(4077): error C3203: “tuple”: 未专用化的类 模板 不能用作 模板 变量，该变量属于 模板 参数“T”，应为 real 类型
     1>d:\libs\test\c_cpp\test\3rd_party\src\gtest-1.6.0\include\gtest\internal\gtest-param-util-generated.h(4077): error C2955: “std::tuple”: 使用类 模板 需要 模板 参数列表
                 d:\program files\microsoft visual studio 11.0\vc\include\utility(73) : 参见“std::tuple”的声明
     1>d:\libs\test\c_cpp\test\3rd_party\src\gtest-1.6.0\include\gtest\internal\gtest-param-util-generated.h(4119): error C3203: “tuple”: 未专用化的类 模板 不能用作 模板 变量，该变量属于 模板 参数“T”，应为 real 类型
     1>d:\libs\test\c_cpp\test\3rd_party\src\gtest-1.6.0\include\gtest\internal\gtest-param-util-generated.h(4119): error C2955: “std::tuple”: 使用类 模板 需要 模板 参数列表
                 d:\program files\microsoft visual studio 11.0\vc\include\utility(73) : 参见“std::tuple”的声明
     1>d:\libs\test\c_cpp\test\3rd_party\src\gtest-1.6.0\include\gtest\internal\gtest-param-util-generated.h(4123): error C3203: “tuple”: 未专用化的类 模板 不能用作 模板 变量，该变量属于 模板 参数“T”，应为 real 类型
     1>d:\libs\test\c_cpp\test\3rd_party\src\gtest-1.6.0\include\gtest\internal\gtest-param-util-generated.h(4123): error C2955: “std::tuple”: 使用类 模板 需要 模板 参数列表
                 d:\program files\microsoft visual studio 11.0\vc\include\utility(73) : 参见“std::tuple”的声明
     1>d:\libs\test\c_cpp\test\3rd_party\src\gtest-1.6.0\include\gtest\internal\gtest-param-util-generated.h(4204): error C3203: “tuple”: 未专用化的类 模板 不能用作 模板 变量，该变量属于 模板 参数“T”，应为 real 类型
     1>d:\libs\test\c_cpp\test\3rd_party\src\gtest-1.6.0\include\gtest\internal\gtest-param-util-generated.h(4204): error C2955: “std::tuple”: 使用类 模板 需要 模板 参数列表
                 d:\program files\microsoft visual studio 11.0\vc\include\utility(73) : 参见“std::tuple”的声明
     1>d:\libs\test\c_cpp\test\3rd_party\src\gtest-1.6.0\include\gtest\internal\gtest-param-util-generated.h(4256): error C2977: “std::tuple”: 模板 参数太多
                 d:\program files\microsoft visual studio 11.0\vc\include\utility(73) : 参见“std::tuple”的声明
                 d:\libs\test\c_cpp\test\3rd_party\src\gtest-1.6.0\include\gtest\internal\gtest-param-util-generated.h(4505): 参见对正在编译的类 模板 实例化“testing::internal::CartesianProductGenerator10<T1,T2,T3,T4,T5,T6,T7,T8,T9,T10>”的引用
     1>d:\libs\test\c_cpp\test\3rd_party\src\gtest-1.6.0\include\gtest\internal\gtest-param-util-generated.h(4256): error C3203: “tuple”: 未专用化的类 模板 不能用作 模板 变量，该变量属于 模板 参数“T”，应为 real 类型
     1>d:\libs\test\c_cpp\test\3rd_party\src\gtest-1.6.0\include\gtest\internal\gtest-param-util-generated.h(4256): error C2955: “std::tuple”: 使用类 模板 需要 模板 参数列表
                 d:\program files\microsoft visual studio 11.0\vc\include\utility(73) : 参见“std::tuple”的声明
     1>d:\libs\test\c_cpp\test\3rd_party\src\gtest-1.6.0\include\gtest\internal\gtest-param-util-generated.h(4256): error C2955: “testing::internal::ParamGeneratorInterface”: 使用类 模板 需要 模板 参数列表
                 d:\libs\test\c_cpp\test\3rd_party\src\gtest-1.6.0\include\gtest\internal\gtest-param-util.h(142) : 参见“testing::internal::ParamGeneratorInterface”的声明
     1>d:\libs\test\c_cpp\test\3rd_party\src\gtest-1.6.0\include\gtest\internal\gtest-param-util-generated.h(4258): error C2977: “std::tuple”: 模板 参数太多
                 d:\program files\microsoft visual studio 11.0\vc\include\utility(73) : 参见“std::tuple”的声明
     1>d:\libs\test\c_cpp\test\3rd_party\src\gtest-1.6.0\include\gtest\internal\gtest-param-util-generated.h(4270): error C3203: “tuple”: 未专用化的类 模板 不能用作 模板 变量，该变量属于 模板 参数“T”，应为 real 类型
     1>d:\libs\test\c_cpp\test\3rd_party\src\gtest-1.6.0\include\gtest\internal\gtest-param-util-generated.h(4270): error C2955: “std::tuple”: 使用类 模板 需要 模板 参数列表
                 d:\program files\microsoft visual studio 11.0\vc\include\utility(73) : 参见“std::tuple”的声明
     1>d:\libs\test\c_cpp\test\3rd_party\src\gtest-1.6.0\include\gtest\internal\gtest-param-util-generated.h(4275): error C3203: “tuple”: 未专用化的类 模板 不能用作 模板 变量，该变量属于 模板 参数“T”，应为 real 类型
     1>d:\libs\test\c_cpp\test\3rd_party\src\gtest-1.6.0\include\gtest\internal\gtest-param-util-generated.h(4275): error C2955: “std::tuple”: 使用类 模板 需要 模板 参数列表
                 d:\program files\microsoft visual studio 11.0\vc\include\utility(73) : 参见“std::tuple”的声明
     1>d:\libs\test\c_cpp\test\3rd_party\src\gtest-1.6.0\include\gtest\internal\gtest-param-util-generated.h(4282): error C3203: “tuple”: 未专用化的类 模板 不能用作 模板 变量，该变量属于 模板 参数“T”，应为 real 类型
                 d:\libs\test\c_cpp\test\3rd_party\src\gtest-1.6.0\include\gtest\internal\gtest-param-util-generated.h(4282): 参见对正在编译的类 模板 实例化“testing::internal::CartesianProductGenerator10<T1,T2,T3,T4,T5,T6,T7,T8,T9,T10>::Iterator”的引用
     1>d:\libs\test\c_cpp\test\3rd_party\src\gtest-1.6.0\include\gtest\internal\gtest-param-util-generated.h(4282): error C2955: “std::tuple”: 使用类 模板 需要 模板 参数列表
                 d:\program files\microsoft visual studio 11.0\vc\include\utility(73) : 参见“std::tuple”的声明
     1>d:\libs\test\c_cpp\test\3rd_party\src\gtest-1.6.0\include\gtest\internal\gtest-param-util-generated.h(4282): error C2955: “testing::internal::ParamIteratorInterface”: 使用类 模板 需要 模板 参数列表
                 d:\libs\test\c_cpp\test\3rd_party\src\gtest-1.6.0\include\gtest\internal\gtest-param-util.h(69) : 参见“testing::internal::ParamIteratorInterface”的声明
     1>d:\libs\test\c_cpp\test\3rd_party\src\gtest-1.6.0\include\gtest\internal\gtest-param-util-generated.h(4284): error C3203: “tuple”: 未专用化的类 模板 不能用作 模板 变量，该变量属于 模板 参数“T”，应为 real 类型
     1>d:\libs\test\c_cpp\test\3rd_party\src\gtest-1.6.0\include\gtest\internal\gtest-param-util-generated.h(4284): error C2955: “std::tuple”: 使用类 模板 需要 模板 参数列表
                 d:\program files\microsoft visual studio 11.0\vc\include\utility(73) : 参见“std::tuple”的声明
                 d:\program files\microsoft visual studio 11.0\vc\include\utility(73) : 参见“std::tuple”的声明
     1>d:\libs\test\c_cpp\test\3rd_party\src\gtest-1.6.0\include\gtest\internal\gtest-param-util-generated.h(4320): error C3203: “tuple”: 未专用化的类 模板 不能用作 模板 变量，该变量属于 模板 参数“T”，应为 real 类型
     1>d:\libs\test\c_cpp\test\3rd_party\src\gtest-1.6.0\include\gtest\internal\gtest-param-util-generated.h(4320): error C2955: “std::tuple”: 使用类 模板 需要 模板 参数列表
                 d:\program files\microsoft visual studio 11.0\vc\include\utility(73) : 参见“std::tuple”的声明
     1>d:\libs\test\c_cpp\test\3rd_party\src\gtest-1.6.0\include\gtest\internal\gtest-param-util-generated.h(4366): error C3203: “tuple”: 未专用化的类 模板 不能用作 模板 变量，该变量属于 模板 参数“T”，应为 real 类型
     1>d:\libs\test\c_cpp\test\3rd_party\src\gtest-1.6.0\include\gtest\internal\gtest-param-util-generated.h(4366): error C2955: “std::tuple”: 使用类 模板 需要 模板 参数列表
                 d:\program files\microsoft visual studio 11.0\vc\include\utility(73) : 参见“std::tuple”的声明
     1>d:\libs\test\c_cpp\test\3rd_party\src\gtest-1.6.0\include\gtest\internal\gtest-param-util-generated.h(4370): error C3203: “tuple”: 未专用化的类 模板 不能用作 模板 变量，该变量属于 模板 参数“T”，应为 real 类型
     1>d:\libs\test\c_cpp\test\3rd_party\src\gtest-1.6.0\include\gtest\internal\gtest-param-util-generated.h(4370): error C2955: “std::tuple”: 使用类 模板 需要 模板 参数列表
                 d:\program files\microsoft visual studio 11.0\vc\include\utility(73) : 参见“std::tuple”的声明
     1>d:\libs\test\c_cpp\test\3rd_party\src\gtest-1.6.0\include\gtest\internal\gtest-param-util-generated.h(4456): error C3203: “tuple”: 未专用化的类 模板 不能用作 模板 变量，该变量属于 模板 参数“T”，应为 real 类型
     1>d:\libs\test\c_cpp\test\3rd_party\src\gtest-1.6.0\include\gtest\internal\gtest-param-util-generated.h(4456): error C2955: “std::tuple”: 使用类 模板 需要 模板 参数列表
                 d:\program files\microsoft visual studio 11.0\vc\include\utility(73) : 参见“std::tuple”的声明
     1>d:\libs\test\c_cpp\test\3rd_party\src\gtest-1.6.0\include\gtest\internal\gtest-param-util-generated.h(4738): error C2977: “std::tuple”: 模板 参数太多
                 d:\program files\microsoft visual studio 11.0\vc\include\utility(73) : 参见“std::tuple”的声明
                 d:\libs\test\c_cpp\test\3rd_party\src\gtest-1.6.0\include\gtest\internal\gtest-param-util-generated.h(4766): 参见对正在编译的类 模板 实例化“testing::internal::CartesianProductHolder9<Generator1,Generator2,Generator3,Generator4,Generator5,Generator6,Generator7,Generator8,Generator9>”的引用
     1>d:\libs\test\c_cpp\test\3rd_party\src\gtest-1.6.0\include\gtest\internal\gtest-param-util-generated.h(4738): error C3203: “tuple”: 未专用化的类 模板 不能用作 模板 变量，该变量属于 模板 参数“T”，应为 real 类型
     1>d:\libs\test\c_cpp\test\3rd_party\src\gtest-1.6.0\include\gtest\internal\gtest-param-util-generated.h(4738): error C2955: “std::tuple”: 使用类 模板 需要 模板 参数列表
                 d:\program files\microsoft visual studio 11.0\vc\include\utility(73) : 参见“std::tuple”的声明
     1>d:\libs\test\c_cpp\test\3rd_party\src\gtest-1.6.0\include\gtest\internal\gtest-param-util-generated.h(4782): error C2977: “std::tuple”: 模板 参数太多
                 d:\program files\microsoft visual studio 11.0\vc\include\utility(73) : 参见“std::tuple”的声明
                 d:\libs\test\c_cpp\test\3rd_party\src\gtest-1.6.0\include\gtest\internal\gtest-param-util-generated.h(4813): 参见对正在编译的类 模板 实例化“testing::internal::CartesianProductHolder10<Generator1,Generator2,Generator3,Generator4,Generator5,Generator6,Generator7,Generator8,Generator9,Generator10>”的引用
     1>d:\libs\test\c_cpp\test\3rd_party\src\gtest-1.6.0\include\gtest\internal\gtest-param-util-generated.h(4782): error C3203: “tuple”: 未专用化的类 模板 不能用作 模板 变量，该变量属于 模板 参数“T”，应为 real 类型
     1>d:\libs\test\c_cpp\test\3rd_party\src\gtest-1.6.0\include\gtest\internal\gtest-param-util-generated.h(4782): error C2955: “std::tuple”: 使用类 模板 需要 模板 参数列表
                 d:\program files\microsoft visual studio 11.0\vc\include\utility(73) : 参见“std::tuple”的声明
     1>已完成生成项目“D:\Libs\test\C_CPP\test\3rd_party\src\gtest-1.6.0\msvc\gtest_main-md.vcxproj”(Build 个目标)的操作 - 失败。

生成失败。

已用时间 00:00:00.92
